<?xml version="1.0" encoding="UTF-8"?>
<!-- Generated by org.testng.reporters.JUnitReportReporter -->
<testsuite hostname="Mithuns-MacBook-Air-2.local" failures="0" tests="3" name="testScripts.Parallel_Execution" time="26.785" errors="0" timestamp="17 Jun 2022 02:10:36 GMT" skipped="0">
  <testcase classname="testScripts.Parallel_Execution" name="dojetbrainsPageExecution" time="5.029"/>
  <testcase classname="testScripts.Parallel_Execution" name="doInfyniageExecution" time="14.098"/>
  <testcase classname="testScripts.Parallel_Execution" name="doGooglePageExecution" time="7.658"/>
</testsuite> <!-- testScripts.Parallel_Execution -->
