<?xml version="1.0" encoding="UTF-8"?>
<!-- Generated by org.testng.reporters.JUnitReportReporter -->
<testsuite hostname="Mithuns-MacBook-Air-2.local" failures="0" tests="1" name="testScripts.Priority" time="0.038" errors="0" timestamp="17 Jun 2022 02:07:57 GMT" skipped="0">
  <testcase classname="testScripts.Priority" name="hello" time="0.038"/>
</testsuite> <!-- testScripts.Priority -->
