<?xml version="1.0" encoding="UTF-8"?>
<!-- Generated by org.testng.reporters.JUnitReportReporter -->
<testsuite hostname="Mithuns-MacBook-Air-2.local" failures="0" tests="1" name="testScripts.HomePageTestCases" time="0.417" errors="0" timestamp="16 Jun 2022 02:44:12 GMT" skipped="0">
  <testcase classname="testScripts.HomePageTestCases" name="A_testMyHeaderModule" time="0.417"/>
</testsuite> <!-- testScripts.HomePageTestCases -->
