<?xml version="1.0" encoding="UTF-8"?>
<!-- Generated by org.testng.reporters.JUnitReportReporter -->
<testsuite hostname="Mithuns-MacBook-Air-2.local" failures="0" tests="3" name="testScripts.Grouping" time="0.001" errors="0" timestamp="17 Jun 2022 02:07:57 GMT" skipped="0">
  <testcase classname="testScripts.Grouping" name="Smoke1" time="0.000"/>
  <testcase classname="testScripts.Grouping" name="Smoke3" time="0.000"/>
  <testcase classname="testScripts.Grouping" name="Smoke2" time="0.001"/>
</testsuite> <!-- testScripts.Grouping -->
