<?xml version="1.0" encoding="UTF-8"?>
<!-- Generated by org.testng.reporters.JUnitReportReporter -->
<testsuite hostname="Mithuns-MacBook-Air-2.local" failures="0" tests="3" name="testScripts.Parallel_Execution" time="59.321" errors="0" timestamp="22 Jun 2022 02:24:54 GMT" skipped="0">
  <testcase classname="testScripts.Parallel_Execution" name="doGooglePageExecution" time="8.076"/>
  <testcase classname="testScripts.Parallel_Execution" name="doInfyniageExecution" time="45.217"/>
  <testcase classname="testScripts.Parallel_Execution" name="dojetbrainsPageExecution" time="6.028"/>
</testsuite> <!-- testScripts.Parallel_Execution -->
