<?xml version="1.0" encoding="UTF-8"?>
<!-- Generated by org.testng.reporters.JUnitReportReporter -->
<testsuite hostname="Niveditha" failures="0" tests="1" name="testScripts.HomePageTestCases" time="0.446" errors="0" timestamp="24 Jun 2022 02:34:38 GMT" skipped="0">
  <testcase classname="testScripts.HomePageTestCases" name="A_testMyHeaderModule" time="0.446"/>
</testsuite> <!-- testScripts.HomePageTestCases -->
