<?xml version="1.0" encoding="UTF-8"?>
<!-- Generated by org.testng.reporters.JUnitReportReporter -->
<testsuite hostname="Mithuns-MacBook-Air-2.local" failures="0" tests="3" name="testScripts.Parallel_Execution1" time="44.828" errors="0" timestamp="22 Jun 2022 02:24:54 GMT" skipped="0">
  <testcase classname="testScripts.Parallel_Execution1" name="domanual2AutomationPageExecution" time="7.892"/>
  <testcase classname="testScripts.Parallel_Execution1" name="dow3SchoolPageExecution" time="25.784"/>
  <testcase classname="testScripts.Parallel_Execution1" name="doYahooPageExecution" time="11.152"/>
</testsuite> <!-- testScripts.Parallel_Execution1 -->
